2020-11-22 20:16:09.613  INFO 9452 --- [main] com.example.demo.EcommerceApplication    : Starting EcommerceApplication on DESKTOP-4NT977P with PID 9452 (D:\Proj5\Ecommerce-4\target\classes started by Diana2 in D:\Proj5\Ecommerce-4)
2020-11-22 20:16:09.619  INFO 9452 --- [main] com.example.demo.EcommerceApplication    : No active profile set, falling back to default profiles: default
2020-11-22 20:16:10.456  INFO 9452 --- [main] .s.d.r.c.RepositoryConfigurationDelegate : Bootstrapping Spring Data repositories in DEFAULT mode.
2020-11-22 20:16:10.518  INFO 9452 --- [main] .s.d.r.c.RepositoryConfigurationDelegate : Finished Spring Data repository scanning in 53ms. Found 4 repository interfaces.
2020-11-22 20:16:10.943  INFO 9452 --- [main] trationDelegate$BeanPostProcessorChecker : Bean 'org.springframework.transaction.annotation.ProxyTransactionManagementConfiguration' of type [org.springframework.transaction.annotation.ProxyTransactionManagementConfiguration$$EnhancerBySpringCGLIB$$c7cb2f8d] is not eligible for getting processed by all BeanPostProcessors (for example: not eligible for auto-proxying)
2020-11-22 20:16:11.210  INFO 9452 --- [main] o.s.b.w.embedded.tomcat.TomcatWebServer  : Tomcat initialized with port(s): 8080 (http)
2020-11-22 20:16:11.257  INFO 9452 --- [main] o.apache.catalina.core.StandardService   : Starting service [Tomcat]
2020-11-22 20:16:11.258  INFO 9452 --- [main] org.apache.catalina.core.StandardEngine  : Starting Servlet engine: [Apache Tomcat/9.0.19]
2020-11-22 20:16:11.386  INFO 9452 --- [main] o.a.c.c.C.[Tomcat].[localhost].[/]       : Initializing Spring embedded WebApplicationContext
2020-11-22 20:16:11.386  INFO 9452 --- [main] o.s.web.context.ContextLoader            : Root WebApplicationContext: initialization completed in 1680 ms
2020-11-22 20:16:11.542  INFO 9452 --- [main] com.zaxxer.hikari.HikariDataSource       : HikariPool-1 - Starting...
2020-11-22 20:16:11.664  INFO 9452 --- [main] com.zaxxer.hikari.HikariDataSource       : HikariPool-1 - Start completed.
2020-11-22 20:16:11.710  INFO 9452 --- [main] o.hibernate.jpa.internal.util.LogHelper  : HHH000204: Processing PersistenceUnitInfo [
	name: default
	...]
2020-11-22 20:16:11.785  INFO 9452 --- [main] org.hibernate.Version                    : HHH000412: Hibernate Core {5.3.10.Final}
2020-11-22 20:16:11.787  INFO 9452 --- [main] org.hibernate.cfg.Environment            : HHH000206: hibernate.properties not found
2020-11-22 20:16:11.947  INFO 9452 --- [main] o.hibernate.annotations.common.Version   : HCANN000001: Hibernate Commons Annotations {5.0.4.Final}
2020-11-22 20:16:12.072  INFO 9452 --- [main] org.hibernate.dialect.Dialect            : HHH000400: Using dialect: org.hibernate.dialect.H2Dialect
2020-11-22 20:16:12.725  INFO 9452 --- [main] j.LocalContainerEntityManagerFactoryBean : Initialized JPA EntityManagerFactory for persistence unit 'default'
2020-11-22 20:16:13.264  WARN 9452 --- [main] aWebConfiguration$JpaWebMvcConfiguration : spring.jpa.open-in-view is enabled by default. Therefore, database queries may be performed during view rendering. Explicitly configure spring.jpa.open-in-view to disable this warning
2020-11-22 20:16:13.323  INFO 9452 --- [main] o.s.s.web.DefaultSecurityFilterChain     : Creating filter chain: any request, [org.springframework.security.web.context.request.async.WebAsyncManagerIntegrationFilter@64a8d575, org.springframework.security.web.context.SecurityContextPersistenceFilter@2b540131, org.springframework.security.web.header.HeaderWriterFilter@2914a328, org.springframework.web.filter.CorsFilter@74787609, org.springframework.security.web.authentication.logout.LogoutFilter@7526bb18, com.example.demo.security.JWTAuthenticationFilter@36cdcae0, com.example.demo.security.JWTAuthenticationVerificationFilter@51fa09c7, org.springframework.security.web.savedrequest.RequestCacheAwareFilter@4c91f5bf, org.springframework.security.web.servletapi.SecurityContextHolderAwareRequestFilter@6074d638, org.springframework.security.web.authentication.AnonymousAuthenticationFilter@73db7df0, org.springframework.security.web.session.SessionManagementFilter@26291192, org.springframework.security.web.access.ExceptionTranslationFilter@29b4444a, org.springframework.security.web.access.intercept.FilterSecurityInterceptor@280099a0]
2020-11-22 20:16:13.440  INFO 9452 --- [main] o.s.s.concurrent.ThreadPoolTaskExecutor  : Initializing ExecutorService 'applicationTaskExecutor'
2020-11-22 20:16:13.571  INFO 9452 --- [main] o.s.b.w.embedded.tomcat.TomcatWebServer  : Tomcat started on port(s): 8080 (http) with context path ''
2020-11-22 20:16:13.573  INFO 9452 --- [main] com.example.demo.EcommerceApplication    : Started EcommerceApplication in 4.486 seconds (JVM running for 6.287)
2020-11-22 22:33:22.116  INFO 19924 --- [main] com.example.demo.EcommerceApplication    : Starting EcommerceApplication on DESKTOP-4NT977P with PID 19924 (D:\Proj5\Ecommerce-4\target\classes started by Diana2 in D:\Proj5\Ecommerce-4)
2020-11-22 22:33:22.137  INFO 19924 --- [main] com.example.demo.EcommerceApplication    : No active profile set, falling back to default profiles: default
2020-11-22 22:33:22.954  INFO 19924 --- [main] .s.d.r.c.RepositoryConfigurationDelegate : Bootstrapping Spring Data repositories in DEFAULT mode.
2020-11-22 22:33:23.037  INFO 19924 --- [main] .s.d.r.c.RepositoryConfigurationDelegate : Finished Spring Data repository scanning in 75ms. Found 4 repository interfaces.
2020-11-22 22:33:23.542  INFO 19924 --- [main] trationDelegate$BeanPostProcessorChecker : Bean 'org.springframework.transaction.annotation.ProxyTransactionManagementConfiguration' of type [org.springframework.transaction.annotation.ProxyTransactionManagementConfiguration$$EnhancerBySpringCGLIB$$b6eb971f] is not eligible for getting processed by all BeanPostProcessors (for example: not eligible for auto-proxying)
2020-11-22 22:33:23.783  INFO 19924 --- [main] o.s.b.w.embedded.tomcat.TomcatWebServer  : Tomcat initialized with port(s): 8080 (http)
2020-11-22 22:33:23.828  INFO 19924 --- [main] o.apache.catalina.core.StandardService   : Starting service [Tomcat]
2020-11-22 22:33:23.829  INFO 19924 --- [main] org.apache.catalina.core.StandardEngine  : Starting Servlet engine: [Apache Tomcat/9.0.19]
2020-11-22 22:33:23.941  INFO 19924 --- [main] o.a.c.c.C.[Tomcat].[localhost].[/]       : Initializing Spring embedded WebApplicationContext
2020-11-22 22:33:23.942  INFO 19924 --- [main] o.s.web.context.ContextLoader            : Root WebApplicationContext: initialization completed in 1744 ms
2020-11-22 22:33:24.097  INFO 19924 --- [main] com.zaxxer.hikari.HikariDataSource       : HikariPool-1 - Starting...
2020-11-22 22:33:24.221  INFO 19924 --- [main] com.zaxxer.hikari.HikariDataSource       : HikariPool-1 - Start completed.
2020-11-22 22:33:24.268  INFO 19924 --- [main] o.hibernate.jpa.internal.util.LogHelper  : HHH000204: Processing PersistenceUnitInfo [
	name: default
	...]
2020-11-22 22:33:24.350  INFO 19924 --- [main] org.hibernate.Version                    : HHH000412: Hibernate Core {5.3.10.Final}
2020-11-22 22:33:24.351  INFO 19924 --- [main] org.hibernate.cfg.Environment            : HHH000206: hibernate.properties not found
2020-11-22 22:33:24.501  INFO 19924 --- [main] o.hibernate.annotations.common.Version   : HCANN000001: Hibernate Commons Annotations {5.0.4.Final}
2020-11-22 22:33:24.632  INFO 19924 --- [main] org.hibernate.dialect.Dialect            : HHH000400: Using dialect: org.hibernate.dialect.H2Dialect
2020-11-22 22:33:25.363  INFO 19924 --- [main] j.LocalContainerEntityManagerFactoryBean : Initialized JPA EntityManagerFactory for persistence unit 'default'
2020-11-22 22:33:25.964  WARN 19924 --- [main] aWebConfiguration$JpaWebMvcConfiguration : spring.jpa.open-in-view is enabled by default. Therefore, database queries may be performed during view rendering. Explicitly configure spring.jpa.open-in-view to disable this warning
2020-11-22 22:33:26.036  INFO 19924 --- [main] o.s.s.web.DefaultSecurityFilterChain     : Creating filter chain: any request, [org.springframework.security.web.context.request.async.WebAsyncManagerIntegrationFilter@20f6b6e0, org.springframework.security.web.context.SecurityContextPersistenceFilter@183a508b, org.springframework.security.web.header.HeaderWriterFilter@2a60981c, org.springframework.web.filter.CorsFilter@67cd84f9, org.springframework.security.web.authentication.logout.LogoutFilter@7d3815f7, com.example.demo.security.JWTAuthenticationFilter@52b891de, com.example.demo.security.JWTAuthenticationVerificationFilter@4ae6451d, org.springframework.security.web.savedrequest.RequestCacheAwareFilter@14293540, org.springframework.security.web.servletapi.SecurityContextHolderAwareRequestFilter@6c7f804c, org.springframework.security.web.authentication.AnonymousAuthenticationFilter@5f32ab17, org.springframework.security.web.session.SessionManagementFilter@7057dbda, org.springframework.security.web.access.ExceptionTranslationFilter@6a54aa7a, org.springframework.security.web.access.intercept.FilterSecurityInterceptor@56e78538]
2020-11-22 22:33:26.176  INFO 19924 --- [main] o.s.s.concurrent.ThreadPoolTaskExecutor  : Initializing ExecutorService 'applicationTaskExecutor'
2020-11-22 22:33:26.325  INFO 19924 --- [main] o.s.b.w.embedded.tomcat.TomcatWebServer  : Tomcat started on port(s): 8080 (http) with context path ''
2020-11-22 22:33:26.328  INFO 19924 --- [main] com.example.demo.EcommerceApplication    : Started EcommerceApplication in 4.762 seconds (JVM running for 6.51)
2020-11-22 22:34:26.989  INFO 19924 --- [http-nio-8080-exec-1] o.a.c.c.C.[Tomcat].[localhost].[/]       : Initializing Spring DispatcherServlet 'dispatcherServlet'
2020-11-22 22:34:26.990  INFO 19924 --- [http-nio-8080-exec-1] o.s.web.servlet.DispatcherServlet        : Initializing Servlet 'dispatcherServlet'
2020-11-22 22:34:27.000  INFO 19924 --- [http-nio-8080-exec-1] o.s.web.servlet.DispatcherServlet        : Completed initialization in 9 ms
2020-11-22 22:34:27.345  INFO 19924 --- [http-nio-8080-exec-1] c.e.demo.controllers.UserController      : Success : CreateUser : User Created : diana
2020-11-22 22:36:44.790  INFO 19924 --- [http-nio-8080-exec-5] c.e.demo.controllers.UserController      : Success : CreateUser : User Created : sylvia
2020-11-22 22:39:52.088  INFO 19924 --- [http-nio-8080-exec-7] c.e.demo.controllers.UserController      : Success : CreateUser : User Created : janet
2020-11-22 22:40:33.473  INFO 19924 --- [http-nio-8080-exec-9] c.e.demo.controllers.UserController      : Success : CreateUser : User Created : john
2020-11-22 22:45:15.770  INFO 19924 --- [http-nio-8080-exec-1] c.e.demo.controllers.UserController      : Error : CreateUser : Password less than 7 characters OR unmatched passwords : User not created : daniel
2020-11-22 22:46:23.119  INFO 19924 --- [http-nio-8080-exec-4] c.e.demo.controllers.UserController      : Error : CreateUser : Password less than 7 characters OR unmatched passwords : User not created : janet
2020-11-22 22:48:05.995  INFO 19924 --- [http-nio-8080-exec-6] o.h.h.i.QueryTranslatorFactoryInitiator  : HHH000397: Using ASTQueryTranslatorFactory
2020-11-22 23:04:23.703  INFO 19924 --- [http-nio-8080-exec-7] c.e.demo.controllers.UserController      : Success : CreateUser : User Found : username : diana
2020-11-22 23:08:43.067  INFO 19924 --- [http-nio-8080-exec-3] c.e.demo.controllers.UserController      : Error : CreateUser : User not Found : username : rita
2020-11-22 23:11:11.616  INFO 19924 --- [http-nio-8080-exec-8] c.e.demo.controllers.UserController      : Success : CreateUser : User Found : username : janet
2020-11-22 23:11:47.738  INFO 19924 --- [http-nio-8080-exec-7] c.e.demo.controllers.UserController      : Success : CreateUser : User Found : username : john
2020-11-22 23:12:33.345  INFO 19924 --- [http-nio-8080-exec-9] c.e.demo.controllers.UserController      : Success : CreateUser : User Found : username : sylvia
2020-11-22 23:16:36.972  INFO 19924 --- [http-nio-8080-exec-1] c.e.demo.controllers.OrderController     : Success : Submit : User found for Order submission : Username : diana
2020-11-22 23:16:36.984  INFO 19924 --- [http-nio-8080-exec-1] c.e.demo.controllers.OrderController     : Success : Submit Order : Order was Submitted by Username : diana
2020-11-22 23:17:57.381  INFO 19924 --- [http-nio-8080-exec-5] c.e.demo.controllers.OrderController     : Error : Submit : User not found for Order Submission : Username : rita
2020-11-22 23:18:59.177  INFO 19924 --- [http-nio-8080-exec-7] c.e.demo.controllers.OrderController     : Success : History : Found for Username : diana
2020-11-22 23:19:57.113  INFO 19924 --- [http-nio-8080-exec-9] c.e.demo.controllers.OrderController     : Error : History : Not Found for Username : rita
2020-11-22 23:29:13.399  INFO 19924 --- [http-nio-8080-exec-1] c.e.demo.controllers.OrderController     : Success : Submit : User found for Order submission : Username : john
2020-11-22 23:29:13.401  INFO 19924 --- [http-nio-8080-exec-1] c.e.demo.controllers.OrderController     : Success : Submit Order : Order was Submitted by Username : john
2020-11-22 23:29:59.319  INFO 19924 --- [http-nio-8080-exec-4] c.e.demo.controllers.OrderController     : Success : History : Found for Username : john
2020-11-22 23:30:58.716  INFO 19924 --- [http-nio-8080-exec-3] c.e.demo.controllers.OrderController     : Success : Submit : User found for Order submission : Username : sylvia
2020-11-22 23:30:58.720  INFO 19924 --- [http-nio-8080-exec-3] c.e.demo.controllers.OrderController     : Success : Submit Order : Order was Submitted by Username : sylvia
2020-11-22 23:31:43.458  INFO 19924 --- [http-nio-8080-exec-5] c.e.demo.controllers.OrderController     : Success : History : Found for Username : sylvia
2020-11-22 23:34:19.085  INFO 19924 --- [http-nio-8080-exec-7] c.e.demo.controllers.UserController      : Error : CreateUser : Password less than 7 characters OR unmatched passwords : User not created : aidan
2020-11-22 23:35:26.143  INFO 19924 --- [http-nio-8080-exec-10] c.e.demo.controllers.UserController      : Error : CreateUser : Password less than 7 characters OR unmatched passwords : User not created : josef
2020-11-22 23:36:25.206  INFO 19924 --- [http-nio-8080-exec-1] c.e.demo.controllers.OrderController     : Error : Submit : User not found for Order Submission : Username : peter
2020-11-22 23:37:10.284  INFO 19924 --- [http-nio-8080-exec-4] c.e.demo.controllers.OrderController     : Error : History : Not Found for Username : peter
2020-11-22 23:38:24.731  INFO 19924 --- [http-nio-8080-exec-6] c.e.demo.controllers.UserController      : Success : CreateUser : User Created : linda
2020-11-22 23:39:15.895  INFO 19924 --- [http-nio-8080-exec-8] c.e.demo.controllers.OrderController     : Success : Submit : User found for Order submission : Username : linda
2020-11-22 23:39:15.897  INFO 19924 --- [http-nio-8080-exec-8] c.e.demo.controllers.OrderController     : Success : Submit Order : Order was Submitted by Username : linda
2020-11-22 23:39:52.844  INFO 19924 --- [http-nio-8080-exec-7] c.e.demo.controllers.OrderController     : Success : History : Found for Username : linda
2020-11-22 23:40:41.252  INFO 19924 --- [http-nio-8080-exec-9] c.e.demo.controllers.OrderController     : Error : History : Not Found for Username : juanita

